basicbusiness/build/outputs/logs/manifest-merger-debug-report.txt
-- Merging decision tree log ---
manifest
ADDED from edcollection/basicbusiness/AndroidManifest.xml:2:1-13:12
INJECTED from edcollection/basicbusiness/AndroidManifest.xml:2:1-13:12
INJECTED from edcollection/basicbusiness/AndroidManifest.xml:2:1-13:12
INJECTED from edcollection/basicbusiness/AndroidManifest.xml:2:1-13:12
INJECTED from edcollection/basicbusiness/AndroidManifest.xml:2:1-13:12
INJECTED from edcollection/basicbusiness/AndroidManifest.xml:2:1-13:12
INJECTED from edcollection/basicbusiness/AndroidManifest.xml:2:1-13:12
	package
		ADDED from edcollection/basicbusiness/AndroidManifest.xml:3:5-47
		INJECTED from edcollection/basicbusiness/AndroidManifest.xml
		INJECTED from edcollection/basicbusiness/AndroidManifest.xml
	android:versionName
		ADDED from edcollection/basicbusiness/AndroidManifest.xml:5:5-30
		INJECTED from edcollection/basicbusiness/AndroidManifest.xml
		INJECTED from edcollection/basicbusiness/AndroidManifest.xml
	xmlns:android
		ADDED from edcollection/basicbusiness/AndroidManifest.xml:2:11-69
	android:versionCode
		ADDED from edcollection/basicbusiness/AndroidManifest.xml:4:5-28
		INJECTED from edcollection/basicbusiness/AndroidManifest.xml
		INJECTED from edcollection/basicbusiness/AndroidManifest.xml
uses-sdk
ADDED from edcollection/basicbusiness/AndroidManifest.xml:7:5-9:41
	android:targetSdkVersion
		ADDED from edcollection/basicbusiness/AndroidManifest.xml:9:9-38
	android:minSdkVersion
		ADDED from edcollection/basicbusiness/AndroidManifest.xml:8:9-35
application
ADDED from edcollection/basicbusiness/AndroidManifest.xml:11:5-19